<?xml version="1.0" encoding="UTF-8"?>
<!-- Generated by org.testng.reporters.JUnitReportReporter -->
<testsuite hostname="LAPTOP-F6TLEKKO" failures="0" tests="1" name="com.testNGSuite.SeleniumTests" time="6.700" errors="0" timestamp="2024-08-12T21:42:24 EDT" skipped="0">
  <testcase classname="com.testNGSuite.SeleniumTests" name="verifyApplicationPage" time="6.700"/>
  <system-out/>
</testsuite> <!-- com.testNGSuite.SeleniumTests -->
