<?xml version="1.0" encoding="UTF-8"?>
<!-- Generated by org.testng.reporters.JUnitReportReporter -->
<testsuite hostname="LAPTOP-F6TLEKKO" failures="0" tests="1" name="com.testNGSuite.SeleniumTests" time="12.958" errors="0" timestamp="2024-08-12T21:31:22 EDT" skipped="0">
  <testcase classname="com.testNGSuite.SeleniumTests" name="verifyApplicationPage" time="12.958"/>
</testsuite> <!-- com.testNGSuite.SeleniumTests -->
